<?xml version="1.0" encoding="UTF-8"?>
<!-- Generated by org.testng.reporters.JUnitReportReporter -->
<testsuite skipped="0" hostname="Stalins-MBP" name="runner.ZOHORunnerTest" tests="3" failures="0" timestamp="2020-12-18T12:29:42 GMT" time="5.595" errors="0">
  <testcase name="runScenario" time="1.116" classname="runner.ZOHORunnerTest"/>
  <system-out/>
  <testcase name="runScenario" time="1.174" classname="runner.ZOHORunnerTest"/>
  <system-out/>
  <testcase name="runScenario" time="3.305" classname="runner.ZOHORunnerTest"/>
  <system-out/>
</testsuite> <!-- runner.ZOHORunnerTest -->
