<?xml version="1.0" encoding="UTF-8"?>
<!-- Generated by org.testng.reporters.JUnitReportReporter -->
<testsuite skipped="0" hostname="Stalins-MBP" name="runner.ListRunnerTest" tests="1" failures="0" timestamp="2020-11-30T17:07:00 GMT" time="3.156" errors="0">
  <testcase name="runScenario" time="3.156" classname="runner.ListRunnerTest"/>
  <system-out/>
</testsuite> <!-- runner.ListRunnerTest -->
