<?xml version="1.0" encoding="UTF-8"?>
<!-- Generated by org.testng.reporters.JUnitReportReporter -->
<testsuite skipped="0" hostname="Stalins-MBP" name="runner.UIBankRunnerTest" tests="4" failures="0" timestamp="2020-12-11T11:57:03 GMT" time="4.561" errors="0">
  <testcase name="runScenario" time="2.574" classname="runner.UIBankRunnerTest"/>
  <system-out/>
  <testcase name="runScenario" time="0.326" classname="runner.UIBankRunnerTest"/>
  <system-out/>
  <testcase name="runScenario" time="1.337" classname="runner.UIBankRunnerTest"/>
  <system-out/>
  <testcase name="runScenario" time="0.324" classname="runner.UIBankRunnerTest"/>
  <system-out/>
</testsuite> <!-- runner.UIBankRunnerTest -->
