<?xml version="1.0" encoding="UTF-8"?>
<!-- Generated by org.testng.reporters.JUnitReportReporter -->
<testsuite skipped="0" hostname="Stalins-MBP" name="runners.ChannelsRunnerTest" tests="2" failures="0" timestamp="2020-12-04T14:04:23 GMT" time="3.131" errors="0">
  <testcase name="runScenario" time="0.326" classname="runners.ChannelsRunnerTest"/>
  <system-out/>
  <testcase name="runScenario" time="2.805" classname="runners.ChannelsRunnerTest"/>
  <system-out/>
</testsuite> <!-- runners.ChannelsRunnerTest -->
